# JRE version: OpenJDK Runtime Environment Corretto-17.0.8.8.1 (17.0.8.1+8) (build 17.0.8.1+8-LTS)
# Java VM: OpenJDK 64-Bit Server VM Corretto-17.0.8.8.1 (17.0.8.1+8-LTS, mixed mode, sharing, tiered, compressed oops, compressed class ptrs, g1 gc, windows-amd64)
GC Precious Log:
 CPUs: 16 total, 16 available
 Memory: 15654M
 Large Page Support: Disabled
 NUMA Support: Disabled
 Compressed Oops: Enabled (32-bit)
 Heap Region Size: 1M
 Heap Min Capacity: 256M
 Heap Initial Capacity: 256M
 Heap Max Capacity: 512M
 Pre-touch: Disabled
 Parallel Workers: 13
 Concurrent Workers: 3
 Concurrent Refinement Workers: 13
 Periodic GC: Disabled
Heap:
 garbage-first heap   total 262144K, used 164841K [0x00000000e0000000, 0x0000000100000000)
  region size 1024K, 67 young (68608K), 11 survivors (11264K)
 Metaspace       used 106253K, committed 107072K, reserved 458752K
  class space    used 13851K, committed 14208K, reserved 327680K
GC Heap History (20 events):
Event: 13.849 GC heap before
{Heap before GC invocations=2 (full 0):
 garbage-first heap   total 262144K, used 60988K [0x00000000e0000000, 0x0000000100000000)
  region size 1024K, 52 young (53248K), 5 survivors (5120K)
 Metaspace       used 4651K, committed 4800K, reserved 393216K
  class space    used 577K, committed 640K, reserved 327680K
}
Event: 13.854 GC heap after
{Heap after GC invocations=3 (full 0):
 garbage-first heap   total 262144K, used 16214K [0x00000000e0000000, 0x0000000100000000)
  region size 1024K, 5 young (5120K), 5 survivors (5120K)
 Metaspace       used 4651K, committed 4800K, reserved 393216K
  class space    used 577K, committed 640K, reserved 327680K
}
Event: 16.444 GC heap before
{Heap before GC invocations=3 (full 0):
 garbage-first heap   total 262144K, used 124758K [0x00000000e0000000, 0x0000000100000000)
  region size 1024K, 112 young (114688K), 5 survivors (5120K)
 Metaspace       used 21146K, committed 21504K, reserved 393216K
  class space    used 3067K, committed 3200K, reserved 327680K
}
Event: 16.451 GC heap after
{Heap after GC invocations=4 (full 0):
 garbage-first heap   total 262144K, used 23966K [0x00000000e0000000, 0x0000000100000000)
  region size 1024K, 12 young (12288K), 12 survivors (12288K)
 Metaspace       used 21146K, committed 21504K, reserved 393216K
  class space    used 3067K, committed 3200K, reserved 327680K
}
Event: 18.723 GC heap before
{Heap before GC invocations=5 (full 0):
 garbage-first heap   total 262144K, used 163230K [0x00000000e0000000, 0x0000000100000000)
  region size 1024K, 134 young (137216K), 12 survivors (12288K)
 Metaspace       used 35485K, committed 35968K, reserved 393216K
  class space    used 4886K, committed 5120K, reserved 327680K
}
Event: 18.732 GC heap after
{Heap after GC invocations=6 (full 0):
 garbage-first heap   total 262144K, used 46480K [0x00000000e0000000, 0x0000000100000000)
  region size 1024K, 19 young (19456K), 19 survivors (19456K)
 Metaspace       used 35485K, committed 35968K, reserved 393216K
  class space    used 4886K, committed 5120K, reserved 327680K
}
Event: 20.370 GC heap before
{Heap before GC invocations=7 (full 0):
 garbage-first heap   total 262144K, used 193936K [0x00000000e0000000, 0x0000000100000000)
  region size 1024K, 153 young (156672K), 19 survivors (19456K)
 Metaspace       used 45642K, committed 46336K, reserved 393216K
  class space    used 6322K, committed 6656K, reserved 327680K
}
Event: 20.378 GC heap after
{Heap after GC invocations=8 (full 0):
 garbage-first heap   total 262144K, used 64977K [0x00000000e0000000, 0x0000000100000000)
  region size 1024K, 11 young (11264K), 11 survivors (11264K)
 Metaspace       used 45642K, committed 46336K, reserved 393216K
  class space    used 6322K, committed 6656K, reserved 327680K
}
Event: 21.482 GC heap before
{Heap before GC invocations=8 (full 0):
 garbage-first heap   total 262144K, used 170449K [0x00000000e0000000, 0x0000000100000000)
  region size 1024K, 115 young (117760K), 11 survivors (11264K)
 Metaspace       used 59494K, committed 60160K, reserved 393216K
  class space    used 8537K, committed 8832K, reserved 327680K
}
Event: 21.487 GC heap after
{Heap after GC invocations=9 (full 0):
 garbage-first heap   total 262144K, used 68747K [0x00000000e0000000, 0x0000000100000000)
  region size 1024K, 4 young (4096K), 4 survivors (4096K)
 Metaspace       used 59494K, committed 60160K, reserved 393216K
  class space    used 8537K, committed 8832K, reserved 327680K
}
Event: 22.783 GC heap before
{Heap before GC invocations=10 (full 0):
 garbage-first heap   total 262144K, used 220299K [0x00000000e0000000, 0x0000000100000000)
  region size 1024K, 137 young (140288K), 4 survivors (4096K)
 Metaspace       used 71032K, committed 71872K, reserved 393216K
  class space    used 9888K, committed 10304K, reserved 327680K
}
Event: 22.791 GC heap after
{Heap after GC invocations=11 (full 0):
 garbage-first heap   total 262144K, used 92834K [0x00000000e0000000, 0x0000000100000000)
  region size 1024K, 18 young (18432K), 18 survivors (18432K)
 Metaspace       used 71032K, committed 71872K, reserved 393216K
  class space    used 9888K, committed 10304K, reserved 327680K
}
Event: 22.800 GC heap before
{Heap before GC invocations=11 (full 0):
 garbage-first heap   total 262144K, used 93858K [0x00000000e0000000, 0x0000000100000000)
  region size 1024K, 19 young (19456K), 18 survivors (18432K)
 Metaspace       used 71082K, committed 71872K, reserved 393216K
  class space    used 9895K, committed 10304K, reserved 327680K
}
Event: 22.806 GC heap after
{Heap after GC invocations=12 (full 0):
 garbage-first heap   total 262144K, used 94887K [0x00000000e0000000, 0x0000000100000000)
  region size 1024K, 3 young (3072K), 3 survivors (3072K)
 Metaspace       used 71082K, committed 71872K, reserved 393216K
  class space    used 9895K, committed 10304K, reserved 327680K
}
Event: 23.892 GC heap before
{Heap before GC invocations=12 (full 0):
 garbage-first heap   total 262144K, used 201383K [0x00000000e0000000, 0x0000000100000000)
  region size 1024K, 106 young (108544K), 3 survivors (3072K)
 Metaspace       used 82946K, committed 83712K, reserved 458752K
  class space    used 11218K, committed 11584K, reserved 327680K
}
Event: 23.895 GC heap after
{Heap after GC invocations=13 (full 0):
 garbage-first heap   total 262144K, used 100701K [0x00000000e0000000, 0x0000000100000000)
  region size 1024K, 8 young (8192K), 8 survivors (8192K)
 Metaspace       used 82946K, committed 83712K, reserved 458752K
  class space    used 11218K, committed 11584K, reserved 327680K
}
Event: 25.037 GC heap before
{Heap before GC invocations=13 (full 0):
 garbage-first heap   total 262144K, used 203101K [0x00000000e0000000, 0x0000000100000000)
  region size 1024K, 108 young (110592K), 8 survivors (8192K)
 Metaspace       used 90051K, committed 90880K, reserved 458752K
  class space    used 12025K, committed 12416K, reserved 327680K
}
Event: 25.042 GC heap after
{Heap after GC invocations=14 (full 0):
 garbage-first heap   total 262144K, used 106183K [0x00000000e0000000, 0x0000000100000000)
  region size 1024K, 7 young (7168K), 7 survivors (7168K)
 Metaspace       used 90051K, committed 90880K, reserved 458752K
  class space    used 12025K, committed 12416K, reserved 327680K
}
Event: 25.988 GC heap before
{Heap before GC invocations=14 (full 0):
 garbage-first heap   total 262144K, used 177863K [0x00000000e0000000, 0x0000000100000000)
  region size 1024K, 79 young (80896K), 7 survivors (7168K)
 Metaspace       used 99921K, committed 100736K, reserved 458752K
  class space    used 13035K, committed 13440K, reserved 327680K
}
Event: 25.992 GC heap after
{Heap after GC invocations=15 (full 0):
 garbage-first heap   total 262144K, used 109545K [0x00000000e0000000, 0x0000000100000000)
  region size 1024K, 11 young (11264K), 11 survivors (11264K)
 Metaspace       used 99921K, committed 100736K, reserved 458752K
  class space    used 13035K, committed 13440K, reserved 327680K
}

